\BOOKMARK [1][-]{section.1}{\376\377\000R\000e\000q\000u\000i\000s\000i\000t\000i}{}% 1
\BOOKMARK [1][-]{section.2}{\376\377\000U\000M\000L}{}% 2
\BOOKMARK [1][-]{section.3}{\376\377\000T\000i\000p\000i\000\040\000d\000i\000\040\000D\000a\000t\000o}{}% 3
\BOOKMARK [1][-]{section.4}{\376\377\000V\000i\000n\000c\000o\000l\000i\000\040\000E\000s\000t\000e\000r\000n\000i}{}% 4
\BOOKMARK [2][-]{subsection.4.1}{\376\377\000V\000.\000P\000r\000e\000n\000o\000t\000a\000z\000i\000o\000n\000e\000.\000P\000r\000e\000n\000o\000t\000a\000z\000i\000o\000n\000i\000P\000o\000s\000t\000o}{section.4}% 5
\BOOKMARK [2][-]{subsection.4.2}{\376\377\000V\000.\000F\000e\000e\000d\000b\000a\000c\000k\000.\000H\000o\000s\000t\000O\000b\000b\000l\000i\000g\000a\000t\000o\000r\000i\000o}{section.4}% 6
\BOOKMARK [2][-]{subsection.4.3}{\376\377\000V\000.\000F\000e\000e\000d\000b\000a\000c\000k\000.\000T\000e\000r\000m\000i\000n\000e\000P\000r\000e\000n\000o\000t\000a\000z\000i\000o\000n\000e}{section.4}% 7
\BOOKMARK [2][-]{subsection.4.4}{\376\377\000V\000.\000P\000r\000e\000n\000o\000t\000a\000z\000i\000o\000n\000e\000.\000I\000n\000d\000i\000s\000p\000o\000n\000i\000b\000i\000l\000i\000t\000\340}{section.4}% 8
\BOOKMARK [1][-]{section.5}{\376\377\000S\000p\000e\000c\000i\000f\000i\000c\000a\000\040\000C\000l\000a\000s\000s\000i}{}% 9
\BOOKMARK [1][-]{section.6}{\376\377\000U\000s\000e\000-\000C\000a\000s\000e}{}% 10
\BOOKMARK [2][-]{subsection.6.1}{\376\377\000D\000i\000a\000g\000r\000a\000m\000m\000a}{section.6}% 11
\BOOKMARK [2][-]{subsection.6.2}{\376\377\000S\000p\000e\000c\000i\000f\000i\000c\000a\000\040\000U\000s\000e\000-\000C\000a\000s\000e}{section.6}% 12
\BOOKMARK [1][-]{section.7}{\376\377\000R\000i\000s\000t\000r\000u\000t\000t\000u\000r\000a\000z\000i\000o\000n\000e}{}% 13
\BOOKMARK [2][-]{subsection.7.1}{\376\377\000D\000i\000a\000g\000r\000a\000m\000m\000a\000\040\000U\000M\000L\000\040\000r\000i\000s\000t\000r\000u\000t\000t\000u\000r\000a\000t\000o}{section.7}% 14
\BOOKMARK [2][-]{subsection.7.2}{\376\377\000T\000i\000p\000i\000\040\000e\000\040\000D\000o\000m\000i\000n\000i}{section.7}% 15
\BOOKMARK [3][-]{subsubsection.7.2.1}{\376\377\000T\000i\000p\000i}{subsection.7.2}% 16
\BOOKMARK [3][-]{subsubsection.7.2.2}{\376\377\000D\000o\000m\000i\000n\000i}{subsection.7.2}% 17
\BOOKMARK [2][-]{subsection.7.3}{\376\377\000V\000i\000n\000c\000o\000l\000i\000\040\000E\000s\000t\000e\000r\000n\000i}{section.7}% 18
\BOOKMARK [2][-]{subsection.7.4}{\376\377\000U\000s\000e\000\040\000C\000a\000s\000e}{section.7}% 19
\BOOKMARK [2][-]{subsection.7.5}{\376\377\000T\000r\000a\000d\000u\000z\000i\000o\000n\000e\000\040\000d\000i\000r\000e\000t\000t\000a\000\040\000d\000e\000l\000\040\000d\000i\000a\000g\000r\000a\000m\000m\000a\000\040\000U\000M\000L\000\040\000d\000e\000l\000l\000e\000\040\000c\000l\000a\000s\000s\000i\000\040\000r\000i\000s\000t\000r\000u\000t\000t\000u\000r\000a\000t\000o}{section.7}% 20
\BOOKMARK [2][-]{subsection.7.6}{\376\377\000T\000r\000i\000g\000g\000e\000r}{section.7}% 21
\BOOKMARK [2][-]{subsection.7.7}{\376\377\000P\000r\000o\000g\000e\000t\000t\000a\000z\000i\000o\000n\000e\000\040\000F\000u\000n\000z\000i\000o\000n\000a\000l\000i\000t\000\340}{section.7}% 22
