\BOOKMARK [1][-]{section.1}{\376\377\000R\000e\000q\000u\000i\000s\000i\000t\000i}{}% 1
\BOOKMARK [1][-]{section.2}{\376\377\000U\000M\000L}{}% 2
\BOOKMARK [1][-]{section.3}{\376\377\000T\000i\000p\000i\000\040\000d\000i\000\040\000D\000a\000t\000o}{}% 3
\BOOKMARK [1][-]{section.4}{\376\377\000V\000i\000n\000c\000o\000l\000i\000\040\000E\000s\000t\000e\000r\000n\000i}{}% 4
\BOOKMARK [1][-]{section.5}{\376\377\000S\000p\000e\000c\000i\000f\000i\000c\000a\000\040\000C\000l\000a\000s\000s\000i}{}% 5
\BOOKMARK [2][-]{subsection.5.1}{\376\377\000C\000l\000a\000s\000s\000e\000\040\000R\000a\000p\000p\000r\000e\000s\000e\000n\000t\000a\000z\000i\000o\000n\000e}{section.5}% 6
\BOOKMARK [3][-]{subsubsection.5.1.1}{\376\377\000c\000a\000l\000c\000o\000l\000a\000\137\000p\000o\000s\000t\000i\000\137\000d\000i\000s\000p\000o\000n\000i\000b\000i\000l\000i\000\050\000\051\000:\000\040\000I\000n\000t\000e\000r\000o}{subsection.5.1}% 7
\BOOKMARK [1][-]{section.6}{\376\377\000U\000s\000e\000-\000C\000a\000s\000e}{}% 8
\BOOKMARK [2][-]{subsection.6.1}{\376\377\000D\000i\000a\000g\000r\000a\000m\000m\000a}{section.6}% 9
\BOOKMARK [2][-]{subsection.6.2}{\376\377\000S\000p\000e\000c\000i\000f\000i\000c\000a\000\040\000U\000s\000e\000-\000C\000a\000s\000e}{section.6}% 10
\BOOKMARK [3][-]{subsubsection.6.2.1}{\376\377\000I\000s\000c\000r\000i\000z\000i\000o\000n\000e}{subsection.6.2}% 11
\BOOKMARK [3][-]{subsubsection.6.2.2}{\376\377\000P\000r\000e\000n\000o\000t\000a\000z\000i\000o\000n\000e}{subsection.6.2}% 12
\BOOKMARK [3][-]{subsubsection.6.2.3}{\376\377\000C\000o\000n\000s\000u\000l\000t\000a\000\040\000L\000i\000s\000t\000a}{subsection.6.2}% 13
\BOOKMARK [3][-]{subsubsection.6.2.4}{\376\377\000S\000u\000g\000g\000e\000r\000i\000m\000e\000n\000t\000i}{subsection.6.2}% 14
\BOOKMARK [1][-]{section.7}{\376\377\000R\000i\000s\000t\000r\000u\000t\000t\000u\000r\000a\000z\000i\000o\000n\000e}{}% 15
\BOOKMARK [2][-]{subsection.7.1}{\376\377\000D\000i\000a\000g\000r\000a\000m\000m\000a\000\040\000U\000M\000L\000\040\000r\000i\000s\000t\000r\000u\000t\000t\000u\000r\000a\000t\000o}{section.7}% 16
\BOOKMARK [2][-]{subsection.7.2}{\376\377\000T\000i\000p\000i\000\040\000e\000\040\000D\000o\000m\000i\000n\000i}{section.7}% 17
\BOOKMARK [3][-]{subsubsection.7.2.1}{\376\377\000T\000i\000p\000i}{subsection.7.2}% 18
\BOOKMARK [3][-]{subsubsection.7.2.2}{\376\377\000D\000o\000m\000i\000n\000i}{subsection.7.2}% 19
\BOOKMARK [2][-]{subsection.7.3}{\376\377\000V\000i\000n\000c\000o\000l\000i\000\040\000E\000s\000t\000e\000r\000n\000i}{section.7}% 20
\BOOKMARK [2][-]{subsection.7.4}{\376\377\000U\000s\000e\000\040\000C\000a\000s\000e}{section.7}% 21
\BOOKMARK [2][-]{subsection.7.5}{\376\377\000T\000r\000a\000d\000u\000z\000i\000o\000n\000e\000\040\000d\000i\000r\000e\000t\000t\000a\000\040\000d\000e\000l\000\040\000d\000i\000a\000g\000r\000a\000m\000m\000a\000\040\000U\000M\000L\000\040\000d\000e\000l\000l\000e\000\040\000c\000l\000a\000s\000s\000i\000\040\000r\000i\000s\000t\000r\000u\000t\000t\000u\000r\000a\000t\000o}{section.7}% 22
\BOOKMARK [2][-]{subsection.7.6}{\376\377\000T\000r\000i\000g\000g\000e\000r}{section.7}% 23
\BOOKMARK [3][-]{subsubsection.7.6.1}{\376\377\000V\000.\000P\000r\000e\000n\000o\000t\000a\000z\000i\000o\000n\000e\000.\000D\000a\000t\000a}{subsection.7.6}% 24
\BOOKMARK [3][-]{subsubsection.7.6.2}{\376\377\000V\000.\000R\000a\000p\000p\000r\000e\000s\000e\000n\000t\000a\000z\000i\000o\000n\000e\000.\000S\000i\000m\000u\000l\000t\000a\000n\000e\000a}{subsection.7.6}% 25
\BOOKMARK [3][-]{subsubsection.7.6.3}{\376\377\000V\000.\000S\000a\000l\000a\000.\000P\000o\000s\000t\000i}{subsection.7.6}% 26
\BOOKMARK [3][-]{subsubsection.7.6.4}{\376\377\000V\000.\000P\000o\000s\000t\000o\000.\000P\000o\000s\000t\000i\000D\000i\000v\000e\000r\000s\000i}{subsection.7.6}% 27
\BOOKMARK [3][-]{subsubsection.7.6.5}{\376\377\000V\000.\000P\000r\000e\000n\000o\000t\000a\000z\000i\000o\000n\000e\000.\000P\000o\000s\000t\000o\000I\000n\000S\000a\000l\000a}{subsection.7.6}% 28
\BOOKMARK [2][-]{subsection.7.7}{\376\377\000P\000r\000o\000g\000e\000t\000t\000a\000z\000i\000o\000n\000e\000\040\000F\000u\000n\000z\000i\000o\000n\000a\000l\000i\000t\000\340}{section.7}% 29
\BOOKMARK [3][-]{subsubsection.7.7.1}{\376\377\000c\000a\000l\000c\000o\000l\000a\000\137\000p\000o\000s\000t\000i\000\137\000d\000i\000s\000p\000o\000n\000i\000b\000i\000l\000i}{subsection.7.7}% 30
\BOOKMARK [3][-]{subsubsection.7.7.2}{\376\377\000i\000s\000c\000r\000i\000z\000i\000o\000n\000e}{subsection.7.7}% 31
\BOOKMARK [3][-]{subsubsection.7.7.3}{\376\377\000p\000r\000e\000n\000o\000t\000a\000z\000i\000o\000n\000e}{subsection.7.7}% 32
\BOOKMARK [3][-]{subsubsection.7.7.4}{\376\377\000c\000o\000n\000s\000u\000l\000t\000a\000\137\000l\000i\000s\000t\000a}{subsection.7.7}% 33
\BOOKMARK [3][-]{subsubsection.7.7.5}{\376\377\000p\000r\000o\000p\000o\000n\000i\000\137\000s\000u\000g\000g\000e\000r\000i\000m\000e\000n\000t\000o}{subsection.7.7}% 34
